[debug] [2017-10-01T15:06:00.250Z] ----------------------------------------------------------------------
[debug] [2017-10-01T15:06:00.254Z] Command:       C:\Program Files\nodejs\node.exe C:\Users\'\AppData\Roaming\npm\node_modules\firebase-tools\bin\firebase deploy
[debug] [2017-10-01T15:06:00.254Z] CLI Version:   3.12.0
[debug] [2017-10-01T15:06:00.254Z] Platform:      win32
[debug] [2017-10-01T15:06:00.254Z] Node Version:  v6.3.1
[debug] [2017-10-01T15:06:00.254Z] Time:          Sun Oct 01 2017 18:06:00 GMT+0300 (E. Africa Standard Time)
[debug] [2017-10-01T15:06:00.254Z] ----------------------------------------------------------------------
[debug] 
[debug] [2017-10-01T15:06:00.370Z] > command requires scopes: ["email","openid","https://www.googleapis.com/auth/cloudplatformprojects.readonly","https://www.googleapis.com/auth/firebase","https://www.googleapis.com/auth/cloud-platform"]
[debug] [2017-10-01T15:06:00.370Z] > authorizing via signed-in user
[debug] [2017-10-01T15:06:00.370Z] > refreshing access token with scopes: ["email","https://www.googleapis.com/auth/cloud-platform","https://www.googleapis.com/auth/cloudplatformprojects.readonly","https://www.googleapis.com/auth/firebase","openid"]
[debug] [2017-10-01T15:06:00.370Z] >>> HTTP REQUEST POST https://www.googleapis.com/oauth2/v3/token { refresh_token: '1/0qHQWuGiXFgFz7yIH8lhrD6PN5h6tNViXA2iLlHfEYc',
  client_id: '563584335869-fgrhgmd47bqnekij5i8b5pr03ho849e6.apps.googleusercontent.com',
  client_secret: 'j9iVZfS8kkCEFUPaAeJV0sAi',
  grant_type: 'refresh_token',
  scope: 'email https://www.googleapis.com/auth/cloud-platform https://www.googleapis.com/auth/cloudplatformprojects.readonly https://www.googleapis.com/auth/firebase openid' } 
 Sun Oct 01 2017 18:06:00 GMT+0300 (E. Africa Standard Time)
[info] 
[warn] !  Your CLI authentication needs to be updated to take advantage of new features.
[warn] !  Please run firebase login --reauth
[info] 
[debug] [2017-10-01T15:07:35.416Z] > command requires scopes: ["email","openid","https://www.googleapis.com/auth/cloudplatformprojects.readonly","https://www.googleapis.com/auth/firebase"]
[debug] [2017-10-01T15:07:35.432Z] > authorizing via signed-in user
[debug] [2017-10-01T15:07:35.434Z] > refreshing access token with scopes: ["email","https://www.googleapis.com/auth/cloudplatformprojects.readonly","https://www.googleapis.com/auth/firebase","openid"]
[debug] [2017-10-01T15:07:35.434Z] >>> HTTP REQUEST POST https://www.googleapis.com/oauth2/v3/token { refresh_token: '1/0qHQWuGiXFgFz7yIH8lhrD6PN5h6tNViXA2iLlHfEYc',
  client_id: '563584335869-fgrhgmd47bqnekij5i8b5pr03ho849e6.apps.googleusercontent.com',
  client_secret: 'j9iVZfS8kkCEFUPaAeJV0sAi',
  grant_type: 'refresh_token',
  scope: 'email https://www.googleapis.com/auth/cloudplatformprojects.readonly https://www.googleapis.com/auth/firebase openid' } 
 Sun Oct 01 2017 18:07:35 GMT+0300 (E. Africa Standard Time)
[debug] [2017-10-01T15:07:50.276Z] <<< HTTP RESPONSE 200
[debug] [2017-10-01T15:07:50.345Z] >>> HTTP REQUEST GET https://admin.firebase.com/v1/projects/kiray-jablue  
 Sun Oct 01 2017 18:07:50 GMT+0300 (E. Africa Standard Time)
[debug] [2017-10-01T15:08:35.645Z] ----------------------------------------------------------------------
[debug] [2017-10-01T15:08:35.648Z] Command:       C:\Program Files\nodejs\node.exe C:\Users\'\AppData\Roaming\npm\node_modules\firebase-tools\bin\firebase login --reauth
[debug] [2017-10-01T15:08:35.648Z] CLI Version:   3.12.0
[debug] [2017-10-01T15:08:35.648Z] Platform:      win32
[debug] [2017-10-01T15:08:35.648Z] Node Version:  v6.3.1
[debug] [2017-10-01T15:08:35.648Z] Time:          Sun Oct 01 2017 18:08:35 GMT+0300 (E. Africa Standard Time)
[debug] [2017-10-01T15:08:35.648Z] ----------------------------------------------------------------------
[debug] 
[info] 
[info] Visit this URL on any device to log in:
[info] https://accounts.google.com/o/oauth2/auth?client_id=563584335869-fgrhgmd47bqnekij5i8b5pr03ho849e6.apps.googleusercontent.com&scope=email%20openid%20https%3A%2F%2Fwww.googleapis.com%2Fauth%2Fcloudplatformprojects.readonly%20https%3A%2F%2Fwww.googleapis.com%2Fauth%2Ffirebase%20https%3A%2F%2Fwww.googleapis.com%2Fauth%2Fcloud-platform&response_type=code&state=586192579&redirect_uri=http%3A%2F%2Flocalhost%3A9005
[info] 
[info] Waiting for authentication...
